"../../../../../../Users/James Hosking/Documents/Unreal Projects/3dLevelGame/Content/Mannequin/Character/Mesh/SK_Mannequin_Female_PhysicsAsset.uasset" 0
"../../../../../../Users/James Hosking/Documents/Unreal Projects/3dLevelGame/Content/Mannequin/Character/Textures/T_UE4Logo_N.uasset" 1
"../../../../../../Users/James Hosking/Documents/Unreal Projects/3dLevelGame/Content/Mannequin/Character/Textures/T_UE4Logo_Mask.uasset" 2
"../../../../../../Users/James Hosking/Documents/Unreal Projects/3dLevelGame/Content/Mannequin/Character/Textures/T_Male_N.uasset" 3
"../../../../../../Users/James Hosking/Documents/Unreal Projects/3dLevelGame/Content/Mannequin/Character/Textures/T_Male_Mask.uasset" 4
"../../../../../../Users/James Hosking/Documents/Unreal Projects/3dLevelGame/Content/Mannequin/Character/Materials/MaterialLayers/T_ML_Rubber_Blue_01_N.uasset" 5
"../../../../../../Users/James Hosking/Documents/Unreal Projects/3dLevelGame/Content/Mannequin/Character/Materials/MaterialLayers/T_ML_Rubber_Blue_01_D.uasset" 6
"../../../../../../Users/James Hosking/Documents/Unreal Projects/3dLevelGame/Content/Mannequin/Character/Materials/MaterialLayers/T_ML_Aluminum01_N.uasset" 7
"../../../../../../Users/James Hosking/Documents/Unreal Projects/3dLevelGame/Content/Mannequin/Character/Materials/MaterialLayers/T_ML_Aluminum01.uasset" 8
"../../../../../../Users/James Hosking/Documents/Unreal Projects/3dLevelGame/Content/Mannequin/Character/Materials/MaterialLayers/ML_SoftMetal_UE4.uasset" 9
"../../../../../../Users/James Hosking/Documents/Unreal Projects/3dLevelGame/Content/Mannequin/Character/Materials/MaterialLayers/ML_Plastic_Shiny_Beige_LOGO.uasset" 10
"../../../../../../Users/James Hosking/Documents/Unreal Projects/3dLevelGame/Content/Mannequin/Character/Materials/MaterialLayers/ML_Plastic_Shiny_Beige.uasset" 11
"../../../../../../Users/James Hosking/Documents/Unreal Projects/3dLevelGame/Content/Mannequin/Character/Materials/MaterialLayers/ML_GlossyBlack_Latex_UE4.uasset" 12
"../../../Engine/Content/Functions/MaterialLayerFunctions/MatLayerBlend_Simple.uasset" 13
"../../../Engine/Content/Functions/Engine_MaterialFunctions02/Utility/BlendAngleCorrectedNormals.uasset" 14
"../../../Engine/Content/Functions/MaterialLayerFunctions/MatLayerBlend_NormalBlend.uasset" 15
"../../../../../../Users/James Hosking/Documents/Unreal Projects/3dLevelGame/Content/Mannequin/Character/Materials/M_Male_Body.uasset" 16
"../../../../../../Users/James Hosking/Documents/Unreal Projects/3dLevelGame/Content/Mannequin/Character/Materials/M_UE4Man_ChestLogo.uasset" 17
"../../../../../../Users/James Hosking/Documents/Unreal Projects/3dLevelGame/Content/Mannequin/Character/Textures/T_Female_N.uasset" 18
"../../../../../../Users/James Hosking/Documents/Unreal Projects/3dLevelGame/Content/Mannequin/Character/Textures/T_Female_Mask.uasset" 19
"../../../../../../Users/James Hosking/Documents/Unreal Projects/3dLevelGame/Content/Mannequin/Character/Materials/MI_Female_Body.uasset" 20
"../../../../../../Users/James Hosking/Documents/Unreal Projects/3dLevelGame/Content/Mannequin/Character/Mesh/UE4_Mannequin_Skeleton.uasset" 21
"../../../../../../Users/James Hosking/Documents/Unreal Projects/3dLevelGame/Content/Mannequin/Character/Mesh/SK_Mannequin_Female.uasset" 22
"../../../../../../Users/James Hosking/Documents/Unreal Projects/3dLevelGame/Content/resources/SFX/Bass_Drop_Sound_Effect.uasset" 23
"../../../../../../Users/James Hosking/Documents/Unreal Projects/3dLevelGame/Content/resources/SFX/Bass_Drop_Sound_Effect_Cue.uasset" 24
"../../../../../../Users/James Hosking/Documents/Unreal Projects/3dLevelGame/Content/resources/level/ghost/Jack_o_lerntern_oblong_TXTR.uasset" 25
"../../../../../../Users/James Hosking/Documents/Unreal Projects/3dLevelGame/Content/resources/level/ghost/Jack_o_lerntern_oblong_NML.uasset" 26
"../../../../../../Users/James Hosking/Documents/Unreal Projects/3dLevelGame/Content/resources/level/ghost/Jack_o_lerntern_oblong_EMI.uasset" 27
"../../../../../../Users/James Hosking/Documents/Unreal Projects/3dLevelGame/Content/resources/level/ghost/Jack_o_lerntern_oblong_AO.uasset" 28
"../../../../../../Users/James Hosking/Documents/Unreal Projects/3dLevelGame/Content/resources/level/ghost/Jack_o_lerntern_oblong.uasset" 29
"../../../../../../Users/James Hosking/Documents/Unreal Projects/3dLevelGame/Content/resources/level/ghost/jack-o-lantern.uasset" 30
"../../../../../../Users/James Hosking/Documents/Unreal Projects/3dLevelGame/Content/resources/level/ghost/PruebaN.uasset" 31
"../../../../../../Users/James Hosking/Documents/Unreal Projects/3dLevelGame/Content/resources/level/ghost/Plano.uasset" 32
"../../../../../../Users/James Hosking/Documents/Unreal Projects/3dLevelGame/Content/resources/level/ghost/Normales.uasset" 33
"../../../../../../Users/James Hosking/Documents/Unreal Projects/3dLevelGame/Content/resources/level/ghost/Emision.uasset" 34
"../../../../../../Users/James Hosking/Documents/Unreal Projects/3dLevelGame/Content/resources/level/ghost/Color.uasset" 35
"../../../../../../Users/James Hosking/Documents/Unreal Projects/3dLevelGame/Content/resources/level/ghost/Ghost001_1K_001.uasset" 36
"../../../../../../Users/James Hosking/Documents/Unreal Projects/3dLevelGame/Content/resources/level/ghost/ghost3huh.uasset" 37
"../../../../../../Users/James Hosking/Documents/Unreal Projects/3dLevelGame/Content/resources/level/ghost/ghost.uasset" 38
"../../../Engine/Content/Animation/DefaultAnimCurveCompressionSettings.uasset" 39
"../../../Engine/Content/Animation/DefaultAnimBoneCompressionSettings.uasset" 40
"../../../../../../Users/James Hosking/Documents/Unreal Projects/3dLevelGame/Content/resources/player/amogusUnrealExport_Skeleton.uasset" 41
"../../../../../../Users/James Hosking/Documents/Unreal Projects/3dLevelGame/Content/resources/player/amogusTAG_root_rootAction_001.uasset" 42
"../../../../../../Users/James Hosking/Documents/Unreal Projects/3dLevelGame/Content/resources/player/amogusUnrealExport_Anim.uasset" 43
"../../../../../../Users/James Hosking/Documents/Unreal Projects/3dLevelGame/Content/resources/player/amogusIdle.uasset" 44
"../../../../../../Users/James Hosking/Documents/Unreal Projects/3dLevelGame/Content/resources/player/idleToWalk.uasset" 45
"../../../../../../Users/James Hosking/Documents/Unreal Projects/3dLevelGame/Content/resources/tagBPI.uasset" 46
"../../../../../../Users/James Hosking/Documents/Unreal Projects/3dLevelGame/Content/resources/tagNotify.uasset" 47
"../../../../../../Users/James Hosking/Documents/Unreal Projects/3dLevelGame/Content/resources/player/amogusTAG_2.uasset" 48
"../../../Engine/Content/EditorBlueprintResources/StandardMacros.uasset" 49
"../../../../../../Users/James Hosking/Documents/Unreal Projects/3dLevelGame/Content/resources/player/playerAnimBP.uasset" 50
"../../../../../../Users/James Hosking/Documents/Unreal Projects/3dLevelGame/Content/resources/player/amogusUnrealExport_PhysicsAsset.uasset" 51
"../../../../../../Users/James Hosking/Documents/Unreal Projects/3dLevelGame/Content/resources/player/blackGlasses.uasset" 52
"../../../../../../Users/James Hosking/Documents/Unreal Projects/3dLevelGame/Content/resources/player/AmongUs_ncl1_1.uasset" 53
"../../../../../../Users/James Hosking/Documents/Unreal Projects/3dLevelGame/Content/resources/player/AmongUs.uasset" 54
"../../../../../../Users/James Hosking/Documents/Unreal Projects/3dLevelGame/Content/resources/player/amogusUnrealExport.uasset" 55
"../../../Engine/Content/Functions/Engine_MaterialFunctions02/HueShift.uasset" 56
"../../../../../../Users/James Hosking/Documents/Unreal Projects/3dLevelGame/Content/resources/ai/AmongUsRed.uasset" 57
"../../../../../../Users/James Hosking/Documents/Unreal Projects/3dLevelGame/Content/resources/ai/aiStopAttackTASK.uasset" 58
"../../../../../../Users/James Hosking/Documents/Unreal Projects/3dLevelGame/Content/resources/ai/aiBB.uasset" 59
"../../../../../../Users/James Hosking/Documents/Unreal Projects/3dLevelGame/Content/resources/ai/aiAttackTASK.uasset" 60
"../../../../../../Users/James Hosking/Documents/Unreal Projects/3dLevelGame/Content/resources/ai/aiBT.uasset" 61
"../../../../../../Users/James Hosking/Documents/Unreal Projects/3dLevelGame/Content/resources/ai/aiDetourController.uasset" 62
"../../../../../../Users/James Hosking/Documents/Unreal Projects/3dLevelGame/Content/resources/damageBPI.uasset" 63
"../../../../../../Users/James Hosking/Documents/Unreal Projects/3dLevelGame/Content/resources/ai/aiAnimBP.uasset" 64
"../../../../../../Users/James Hosking/Documents/Unreal Projects/3dLevelGame/Content/resources/SFX/music/HyperPotions_RocketStart-FinalLapAudio2.uasset" 65
"../../../../../../Users/James Hosking/Documents/Unreal Projects/3dLevelGame/Content/resources/SFX/music/HyperPotions_RocketStart-FinalLapAudio2_Cue.uasset" 66
"../../../../../../Users/James Hosking/Documents/Unreal Projects/3dLevelGame/Content/resources/ui/roundEndWIDGET.uasset" 67
"../../../../../../Users/James Hosking/Documents/Unreal Projects/3dLevelGame/Content/resources/SFX/Vine_Boom_Sound_Effect.uasset" 68
"../../../../../../Users/James Hosking/Documents/Unreal Projects/3dLevelGame/Content/resources/SFX/Vine_Boom_Sound_Effect_Cue.uasset" 69
"../../../../../../Users/James Hosking/Documents/Unreal Projects/3dLevelGame/Content/resources/gameGameInstance.uasset" 70
"../../../../../../Users/James Hosking/Documents/Unreal Projects/3dLevelGame/Content/resources/gameFNLibrary.uasset" 71
"../../../../../../Users/James Hosking/Documents/Unreal Projects/3dLevelGame/Content/resources/ui/mainMenuWIDGET.uasset" 72
"../../../../../../Users/James Hosking/Documents/Unreal Projects/3dLevelGame/Content/resources/ui/controlsWIDGET.uasset" 73
"../../../../../../Users/James Hosking/Documents/Unreal Projects/3dLevelGame/Content/resources/ui/pauseMenu.uasset" 74
"../../../../../../Users/James Hosking/Documents/Unreal Projects/3dLevelGame/Content/resources/player/playerPlayerController.uasset" 75
"../../../../../../Users/James Hosking/Documents/Unreal Projects/3dLevelGame/Content/resources/player/playerSpectatorPawn.uasset" 76
"../../../../../../Users/James Hosking/Documents/Unreal Projects/3dLevelGame/Content/resources/cinematics/levelSeqActor.uasset" 77
"../../../../../../Users/James Hosking/Documents/Unreal Projects/3dLevelGame/Content/resources/gameGameMode.uasset" 78
"../../../../../../Users/James Hosking/Documents/Unreal Projects/3dLevelGame/Content/resources/ai/ai.uasset" 79
"../../../../../../Users/James Hosking/Documents/Unreal Projects/3dLevelGame/Content/resources/player/playerCharBP.uasset" 80
"../../../../../../Users/James Hosking/Documents/Unreal Projects/3dLevelGame/Content/resources/amogusChar.uasset" 81
"../../../../../../Users/James Hosking/Documents/Unreal Projects/3dLevelGame/Content/resources/amogus.uasset" 82
"../../../../../../Users/James Hosking/Documents/Unreal Projects/3dLevelGame/Content/resources/ai/amogusCharBLUE.uasset" 83
"../../../../../../Users/James Hosking/Documents/Unreal Projects/3dLevelGame/Content/resources/amogusCharBLUE.uasset" 84
"../../../../../../Users/James Hosking/Documents/Unreal Projects/3dLevelGame/Content/resources/amogusFNLibrary.uasset" 85
"../../../../../../Users/James Hosking/Documents/Unreal Projects/3dLevelGame/Content/resources/amogusGameMode.uasset" 86
"../../../../../../Users/James Hosking/Documents/Unreal Projects/3dLevelGame/Content/resources/idleAnim4.uasset" 87
"../../../../../../Users/James Hosking/Documents/Unreal Projects/3dLevelGame/Content/resources/ai/aiController.uasset" 88
"../../../../../../Users/James Hosking/Documents/Unreal Projects/3dLevelGame/Content/resources/cinematics/seq1.uasset" 89
"../../../../../../Users/James Hosking/Documents/Unreal Projects/3dLevelGame/Content/resources/cinematics/masterSHOTS.uasset" 90
"../../../../../../Users/James Hosking/Documents/Unreal Projects/3dLevelGame/Content/Geometry/Meshes/CubeMaterial.uasset" 91
"../../../../../../Users/James Hosking/Documents/Unreal Projects/3dLevelGame/Content/resources/level/conveyorbelts/ToRemove/conveyorBeltSM.uasset" 92
"../../../../../../Users/James Hosking/Documents/Unreal Projects/3dLevelGame/Content/resources/level/conveyorbelts/ToRemove/conveyorBeltIn.uasset" 93
"../../../../../../Users/James Hosking/Documents/Unreal Projects/3dLevelGame/Content/resources/level/conveyorbelts/conveyorBeltIn.uasset" 94
"../../../Engine/Content/EngineMaterials/T_Default_Material_Grid_N.uasset" 95
"../../../Engine/Content/EngineMaterials/T_Default_Material_Grid_M.uasset" 96
"../../../Engine/Content/Functions/Engine_MaterialFunctions01/Opacity/CameraDepthFade.uasset" 97
"../../../Engine/Content/EngineMaterials/WorldGridMaterial.uasset" 98
"../../../../../../Users/James Hosking/Documents/Unreal Projects/3dLevelGame/Content/resources/level/conveyorbelts/inRampCollisionNew0.uasset" 99
"../../../../../../Users/James Hosking/Documents/Unreal Projects/3dLevelGame/Content/resources/level/conveyorbelts/rampTextureFlipped-01.uasset" 100
"../../../../../../Users/James Hosking/Documents/Unreal Projects/3dLevelGame/Content/resources/level/conveyorbelts/rampTexture2-01.uasset" 101
"../../../../../../Users/James Hosking/Documents/Unreal Projects/3dLevelGame/Content/resources/level/conveyorbelts/inMAT.uasset" 102
"../../../Engine/Content/BasicShapes/BasicShapeMaterial.uasset" 103
"../../../../../../Users/James Hosking/Documents/Unreal Projects/3dLevelGame/Content/resources/level/conveyorbelts/inRamp2WithUVS.uasset" 104
"../../../Engine/Content/EngineMaterials/DefaultMaterial.uasset" 105
"../../../../../../Users/James Hosking/Documents/Unreal Projects/3dLevelGame/Content/resources/level/obstacles/ballSphere.uasset" 106
"../../Plugins/Enterprise/DatasmithContent/Content/Materials/AliasMaster.uasset" 107
"../../../../../../Users/James Hosking/Documents/Unreal Projects/3dLevelGame/Content/resources/level/obstacles/testPhysicsObjects.uasset" 108
"../../../../../../Users/James Hosking/Documents/Unreal Projects/3dLevelGame/Content/resources/level/obstaclePARENT.uasset" 109
"../../../../../../Users/James Hosking/Documents/Unreal Projects/3dLevelGame/Content/resources/level/conveyorbelts/inRamp.uasset" 110
"../../../../../../Users/James Hosking/Documents/Unreal Projects/3dLevelGame/Content/resources/level/conveyorbelts/in.uasset" 111
"../../../../../../Users/James Hosking/Documents/Unreal Projects/3dLevelGame/Content/resources/level/conveyorbelts/conveyorBeltInNEW2.uasset" 112
"../../../../../../Users/James Hosking/Documents/Unreal Projects/3dLevelGame/Content/resources/level/conveyorbelts/outMAT.uasset" 113
"../../../../../../Users/James Hosking/Documents/Unreal Projects/3dLevelGame/Content/Geometry/Meshes/RampMaterial.uasset" 114
"../../../../../../Users/James Hosking/Documents/Unreal Projects/3dLevelGame/Content/resources/level/levelMatINST.uasset" 115
"../../../../../../Users/James Hosking/Documents/Unreal Projects/3dLevelGame/Content/resources/level/arena4/ramps/levelGEO3ExportRAMPS_out_001.uasset" 116
"../../../../../../Users/James Hosking/Documents/Unreal Projects/3dLevelGame/Content/resources/level/conveyorbelts/ToRemove/conveyorBeltOut.uasset" 117
"../../../../../../Users/James Hosking/Documents/Unreal Projects/3dLevelGame/Content/resources/level/conveyorbelts/conveyorBeltOut.uasset" 118
"../../../../../../Users/James Hosking/Documents/Unreal Projects/3dLevelGame/Content/resources/level/conveyorbelts/outRampCollisionNew0.uasset" 119
"../../../../../../Users/James Hosking/Documents/Unreal Projects/3dLevelGame/Content/resources/level/arena4/ramps/levelGEO3ExportRAMPSoutWithUVS.uasset" 120
"../../../../../../Users/James Hosking/Documents/Unreal Projects/3dLevelGame/Content/resources/level/conveyorbelts/outRamp.uasset" 121
"../../../../../../Users/James Hosking/Documents/Unreal Projects/3dLevelGame/Content/resources/level/conveyorbelts/out.uasset" 122
"../../../../../../Users/James Hosking/Documents/Unreal Projects/3dLevelGame/Content/resources/level/conveyorbelts/conveyorBeltOutNEW.uasset" 123
"../../../../../../Users/James Hosking/Documents/Unreal Projects/3dLevelGame/Content/resources/level/conveyorbelts/ToRemove/conveyorBeltInNEW.uasset" 124
"../../../../../../Users/James Hosking/Documents/Unreal Projects/3dLevelGame/Content/resources/level/obstacles/testAcxrtor.uasset" 125
"../../../../../../Users/James Hosking/Documents/Unreal Projects/3dLevelGame/Content/resources/level/obstacles/testconveyorphysicsballs.uasset" 126
"../../../../../../Users/James Hosking/Documents/Unreal Projects/3dLevelGame/Content/resources/player/playerCharacater.uasset" 127
"../../../../../../Users/James Hosking/Documents/Unreal Projects/3dLevelGame/Content/resources/mainMenuGameMode.uasset" 128
"../../../../../../Users/James Hosking/Documents/Unreal Projects/3dLevelGame/Content/resources/ui/mainMenuGameMode.uasset" 129
"../../../../../../Users/James Hosking/Documents/Unreal Projects/3dLevelGame/Content/resources/ui/roundEnd2WIDGET.uasset" 130
"../../../../../../Users/James Hosking/Documents/Unreal Projects/3dLevelGame/Content/Mannequin/Character/Mesh/SK_Mannequin_PhysicsAsset.uasset" 131
"../../../../../../Users/James Hosking/Documents/Unreal Projects/3dLevelGame/Content/Mannequin/Character/Mesh/SK_Mannequin.uasset" 132
"../../../../../../Users/James Hosking/Documents/Unreal Projects/3dLevelGame/Content/Mannequin/Animations/ThirdPersonWalk.uasset" 133
"../../../../../../Users/James Hosking/Documents/Unreal Projects/3dLevelGame/Content/Mannequin/Animations/ThirdPersonRun.uasset" 134
"../../../../../../Users/James Hosking/Documents/Unreal Projects/3dLevelGame/Content/Mannequin/Animations/ThirdPersonIdle.uasset" 135
"../../../../../../Users/James Hosking/Documents/Unreal Projects/3dLevelGame/Content/Mannequin/Animations/ThirdPerson_IdleRun_2D.uasset" 136
"../../../../../../Users/James Hosking/Documents/Unreal Projects/3dLevelGame/Content/Mannequin/Animations/ThirdPerson_Jump.uasset" 137
"../../../../../../Users/James Hosking/Documents/Unreal Projects/3dLevelGame/Content/Mannequin/Animations/ThirdPersonJump_Start.uasset" 138
"../../../../../../Users/James Hosking/Documents/Unreal Projects/3dLevelGame/Content/Mannequin/Animations/ThirdPersonJump_Loop.uasset" 139
"../../../../../../Users/James Hosking/Documents/Unreal Projects/3dLevelGame/Content/Mannequin/Animations/ThirdPerson_AnimBP.uasset" 140
"../../../../../../Users/James Hosking/Documents/Unreal Projects/3dLevelGame/Content/ThirdPersonBP/Blueprints/ThirdPersonCharacter.uasset" 141
"../../../../../../Users/James Hosking/Documents/Unreal Projects/3dLevelGame/Content/ThirdPersonBP/Blueprints/ThirdPersonGameMode.uasset" 142
"../../../Engine/Content/ArtTools/RenderToTexture/Meshes/S_1_Unit_Plane.uasset" 143
"../../../Engine/Content/BasicShapes/Cone.uasset" 144
"../../../Engine/Content/BasicShapes/Plane.uasset" 145
"../../../Engine/Content/BasicShapes/Sphere.uasset" 146
"../../../Engine/Content/EditorLandscapeResources/DataLayer.uasset" 147
"../../../Engine/Content/EditorLandscapeResources/DefaultAlphaTexture.uasset" 148
"../../../Engine/Content/EditorMaterials/MAT_Groups_Toggle.uasset" 149
"../../../Engine/Content/EditorMaterials/MAT_Groups_Visibility.uasset" 150
"../../../Engine/Content/EditorMaterials/PreviewShadowIndicator.uasset" 151
"../../../Engine/Content/EditorMaterials/PreviewShadowIndicatorMaterial.uasset" 152
"../../../Engine/Content/EditorMaterials/MatineeGroups/MAT_ColorTrack.uasset" 153
"../../../Engine/Content/EditorMaterials/MatineeGroups/MAT_Groups_Anim.uasset" 154
"../../../Engine/Content/EditorMaterials/MatineeGroups/MAT_Groups_AudioMaster.uasset" 155
"../../../Engine/Content/EditorMaterials/MatineeGroups/MAT_Groups_Director.uasset" 156
"../../../Engine/Content/EditorMaterials/MatineeGroups/MAT_Groups_Event.uasset" 157
"../../../Engine/Content/EditorMaterials/MatineeGroups/MAT_Groups_Fade.uasset" 158
"../../../Engine/Content/EditorMaterials/MatineeGroups/MAT_Groups_Float.uasset" 159
"../../../Engine/Content/EditorMaterials/MatineeGroups/MAT_Groups_Move.uasset" 160
"../../../Engine/Content/EditorMaterials/MatineeGroups/MAT_Groups_Slomo.uasset" 161
"../../../Engine/Content/EditorMaterials/MatineeGroups/MAT_Groups_Sound.uasset" 162
"../../../Engine/Content/EditorMaterials/MatineeGroups/MAT_Groups_Vector.uasset" 163
"../../../Engine/Content/EditorMaterials/ParticleSystems/PSysThumbnail_NoImage.uasset" 164
"../../../Engine/Content/EditorMaterials/ParticleSystems/PSysThumbnail_OOD.uasset" 165
"../../../Engine/Content/EditorMaterials/Camera/CineMat.uasset" 166
"../../../Engine/Content/EditorMaterials/Camera/MI_CineMat_Rig.uasset" 167
"../../../Engine/Content/EditorMeshes/Camera/SM_CraneRig_Arm.uasset" 168
"../../../Engine/Content/EditorMeshes/Camera/SM_CraneRig_Base.uasset" 169
"../../../Engine/Content/EditorMeshes/Camera/SM_CraneRig_Body.uasset" 170
"../../../Engine/Content/EditorMeshes/Camera/SM_CraneRig_Mount.uasset" 171
"../../../Engine/Content/EditorMeshes/Camera/SM_RailRig_Mount.uasset" 172
"../../../Engine/Content/EditorMeshes/Camera/SM_RailRig_Track.uasset" 173
"../../../Engine/Content/EditorResources/BSPVertex.uasset" 174
"../../../Engine/Content/EditorResources/EmptyActor.uasset" 175
"../../../Engine/Content/EditorResources/S_Actor.uasset" 176
"../../../Engine/Content/EditorResources/S_Note.uasset" 177
"../../../Engine/Content/EditorResources/S_Solver.uasset" 178
"../../../Engine/Content/EditorResources/S_Terrain.uasset" 179
"../../../Engine/Content/EditorResources/S_Trigger.uasset" 180
"../../../Engine/Content/EditorResources/LightIcons/S_LightError.uasset" 181
"../../../Engine/Content/EditorResources/SequenceRecorder/Countdown.uasset" 182
"../../../Engine/Content/EditorResources/SequenceRecorder/RecordingIndicator.uasset" 183
"../../../Engine/Content/EngineDamageTypes/DmgTypeBP_Environmental.uasset" 184
"../../../Engine/Content/EngineDebugMaterials/DebugEditorMaterial.uasset" 185
"../../../Engine/Content/EngineDebugMaterials/DebugMeshMaterial.uasset" 186
"../../../Engine/Content/EngineDebugMaterials/M_SimpleUnlitTranslucent.uasset" 187
"../../../Engine/Content/EngineDebugMaterials/VolumeToRender.uasset" 188
"../../../Engine/Content/Functions/Engine_MaterialFunctions02/Utility/CameraDirectionVector.uasset" 189
"../../../Engine/Content/EngineDebugMaterials/M_VolumeRenderSphereTracePP.uasset" 190
"../../../Engine/Content/Functions/Engine_MaterialFunctions01/Shading/ConvertFromDiffSpec.uasset" 191
"../../../Engine/Content/EngineDebugMaterials/VertexColorMaterial.uasset" 192
"../../../Engine/Content/EngineDebugMaterials/WireframeMaterial.uasset" 193
"../../../Engine/Content/EngineFonts/Faces/RobotoRegular.uasset" 194
"../../../Engine/Content/EngineFonts/Faces/RobotoLight.uasset" 195
"../../../Engine/Content/EngineFonts/Faces/RobotoItalic.uasset" 196
"../../../Engine/Content/EngineFonts/Faces/RobotoBoldItalic.uasset" 197
"../../../Engine/Content/EngineFonts/Faces/RobotoBold.uasset" 198
"../../../Engine/Content/EngineFonts/Faces/DroidSansFallback.uasset" 199
"../../../Engine/Content/EngineFonts/Roboto.uasset" 200
"../../../Engine/Content/EngineMaterials/BaseFlattenNormalMap.uasset" 201
"../../../Engine/Content/EngineMaterials/BaseFlattenGrayscaleMap.uasset" 202
"../../../Engine/Content/EngineMaterials/BaseFlattenEmissiveMap.uasset" 203
"../../../Engine/Content/EngineMaterials/BaseFlattenDiffuseMap.uasset" 204
"../../../Engine/Content/EngineMaterials/BaseFlattenMaterial.uasset" 205
"../../../Engine/Content/EngineMaterials/BlueNoise.uasset" 206
"../../../Engine/Content/EngineMaterials/DefaultBloomKernel.uasset" 207
"../../../Engine/Content/EngineMaterials/DefaultBokeh.uasset" 208
"../../../Engine/Content/EngineMaterials/DefaultDiffuse.uasset" 209
"../../../Engine/Content/EngineMaterials/DefaultDeferredDecalMaterial.uasset" 210
"../../../Engine/Content/EngineMaterials/DefaultLightFunctionMaterial.uasset" 211
"../../../Engine/Content/EngineMaterials/DefaultPhysicalMaterial.uasset" 212
"../../../Engine/Content/Functions/Engine_MaterialFunctions02/Utility/BreakOutFloat2Components.uasset" 213
"../../../Engine/Content/EngineMaterials/DefaultPostProcessMaterial.uasset" 214
"../../../Engine/Content/EngineFonts/RobotoDistanceField.uasset" 215
"../../../Engine/Content/EngineMaterials/DefaultTextMaterialOpaque.uasset" 216
"../../../Engine/Content/EngineMaterials/DefaultWhiteGrid.uasset" 217
"../../../Engine/Content/EngineMaterials/DefaultWhiteGrid_Low.uasset" 218
"../../../Engine/Content/EngineMaterials/EmissiveMeshMaterial.uasset" 219
"../../../Engine/Content/EngineMaterials/GizmoMaterial.uasset" 220
"../../../Engine/Content/EngineMaterials/Good64x64TilingNoiseHighFreq.uasset" 221
"../../../Engine/Content/EngineMaterials/MiniFont.uasset" 222
"../../../Engine/Content/EngineMaterials/InvalidLightmapSettings.uasset" 223
"../../../Engine/Content/EngineMaterials/M_InvalidLightmapSettings.uasset" 224
"../../../Engine/Content/Functions/Engine_MaterialFunctions02/WorldPositionOffset/CameraOffset.uasset" 225
"../../../Engine/Content/EngineMaterials/PhAT_JointLimitMaterial.uasset" 226
"../../../Engine/Content/EngineMaterials/PreintegratedSkinBRDF.uasset" 227
"../../../Engine/Content/EngineMaterials/RemoveSurfaceMaterial.uasset" 228
"../../../Engine/Content/EngineMaterials/WeightMapPlaceholderTexture.uasset" 229
"../../../Engine/Content/EngineResources/WhiteSquareTexture.uasset" 230
"../../../Engine/Content/EngineMaterials/Widget3DPassThrough.uasset" 231
"../../../Engine/Content/EngineMaterials/Widget3DPassThrough_Masked.uasset" 232
"../../../Engine/Content/EngineMaterials/Widget3DPassThrough_Opaque.uasset" 233
"../../../Engine/Content/EngineMaterials/Widget3DPassThrough_Masked_OneSided.uasset" 234
"../../../Engine/Content/EngineMaterials/Widget3DPassThrough_Opaque_OneSided.uasset" 235
"../../../Engine/Content/EngineMaterials/Widget3DPassThrough_Translucent.uasset" 236
"../../../Engine/Content/EngineMaterials/Widget3DPassThrough_Translucent_OneSided.uasset" 237
"../../../Engine/Content/EngineMeshes/Cylinder.uasset" 238
"../../../Engine/Content/EngineMeshes/Sphere.uasset" 239
"../../../Engine/Content/EngineResources/Black.uasset" 240
"../../../Engine/Content/EngineResources/DefaultTextureCube.uasset" 241
"../../../Engine/Content/EngineResources/DefaultVolumeTexture2D.uasset" 242
"../../../Engine/Content/EngineResources/DefaultVolumeTexture.uasset" 243
"../../../Engine/Content/EngineResources/GradientTexture0.uasset" 244
"../../../Engine/Content/EngineSky/VolumetricClouds/T_NoiseShape64.uasset" 245
"../../../Engine/Content/EngineSky/VolumetricClouds/T_VolumeNoiseShape64.uasset" 246
"../../../Engine/Content/EngineSky/VolumetricClouds/T_NoiseErosion.uasset" 247
"../../../Engine/Content/EngineSky/VolumetricClouds/T_VolumeNoiseErosion32.uasset" 248
"../../../Engine/Content/EngineSky/VolumetricClouds/CloudWeatherTexture.uasset" 249
"../../../Engine/Content/EngineSky/VolumetricClouds/CloudGradientTexture.uasset" 250
"../../../Engine/Content/Functions/Engine_MaterialFunctions02/Utility/MakeFloat2.uasset" 251
"../../../Engine/Content/EngineSky/VolumetricClouds/m_SimpleVolumetricCloud.uasset" 252
"../../../Engine/Content/EngineSky/VolumetricClouds/m_SimpleVolumetricCloud_Inst.uasset" 253
"../../../Engine/Content/EngineSounds/Master.uasset" 254
"../../../Engine/Content/Functions/Engine_MaterialFunctions01/Shading/PowerToRoughness.uasset" 255
"../../../Engine/Content/Maps/Templates/Thumbnails/Default.uasset" 256
"../../../Engine/Content/Maps/Templates/Thumbnails/TimeOfDay.uasset" 257
"../../../Engine/Content/Maps/Templates/Thumbnails/VR-Basic.uasset" 258
"../../../Engine/Content/MobileResources/T_MobileControls_texture.uasset" 259
"../../../Engine/Content/MobileResources/T_MobileMenu2.uasset" 260
"../../../Engine/Content/MobileResources/HUD/AnalogHat.uasset" 261
"../../../Engine/Content/MobileResources/HUD/VirtualJoystick_Thumb.uasset" 262
"../../../Engine/Content/MobileResources/HUD/VirtualJoystick_Background.uasset" 263
"../../../Engine/Content/MobileResources/HUD/DefaultVirtualJoysticks.uasset" 264
"../../../Engine/Content/MobileResources/HUD/LeftVirtualJoystickOnly.uasset" 265
"../../../Engine/Content/MobileResources/HUD/MobileHUDButton1_off.uasset" 266
"../../../Engine/Content/MobileResources/HUD/MobileHUDButton1_on.uasset" 267
"../../../Engine/Content/MobileResources/HUD/MobileHUDButton2_off.uasset" 268
"../../../Engine/Content/MobileResources/HUD/MobileHUDButton2_on.uasset" 269
"../../../Engine/Content/MobileResources/HUD/MobileHUDButton3.uasset" 270
"../../../Engine/Content/MobileResources/HUD/MobileHUDButtonFire.uasset" 271
"../../../Engine/Content/MobileResources/HUD/MobileHUDDirectionPad.uasset" 272
"../../../Engine/Content/MobileResources/HUD/MobileHUDDirectionPad2.uasset" 273
"../../../Engine/Content/MobileResources/HUD/MobileHUDDirectionPad3.uasset" 274
"../../../Engine/Content/MobileResources/HUD/MobileHUDDirectionStick.uasset" 275
"../../../Engine/Content/MobileResources/HUD/T_Castle_ThumbstickInner.uasset" 276
"../../../Engine/Content/MobileResources/HUD/T_Castle_ThumbstickOutter.uasset" 277
"../../../Engine/Content/Tutorial/ContentIntroCurve.uasset" 278
"../../../Engine/Content/Tutorial/Basics/LevelEditorAttract.uasset" 279
"../../../Engine/Content/Tutorial/Basics/TutorialAssets/icon_tab_Levels_40x.uasset" 280
"../../../Engine/Content/Tutorial/Basics/LevelEditorOverview.uasset" 281
"../../../Engine/Content/Tutorial/BlueprintTutorials/TutorialAssets/Blueprint_64x.uasset" 282
"../../../Engine/Content/Tutorial/BlueprintTutorials/BlueprintEditorTutorial.uasset" 283
"../../../Engine/Content/Tutorial/Installation/InstallingVisualStudioTutorial.uasset" 284
"../../../Engine/Content/VREditor/TransformGizmo/TranslucentTransformGizmoMaterial.uasset" 285
"../../../Engine/Content/VREditor/LaserPointer/VR_LaserPower_01.uasset" 286
"../../../Engine/Content/VREditor/TransformGizmo/TransformGizmoMaterial.uasset" 287
"../../../Engine/Content/VREditor/TransformGizmo/BoundingBoxCorner.uasset" 288
"../../../Engine/Content/VREditor/TransformGizmo/BoundingBoxEdge.uasset" 289
"../../../Engine/Content/VREditor/TransformGizmo/PlaneTranslationHandle.uasset" 290
"../../../Engine/Content/VREditor/TransformGizmo/Xray.uasset" 291
"../../../Engine/Content/VREditor/TransformGizmo/Main.uasset" 292
"../../../Engine/Content/VREditor/TransformGizmo/SM_Sequencer_Key.uasset" 293
"../../../Engine/Content/VREditor/TransformGizmo/SM_Sequencer_Node.uasset" 294
"../../Plugins/2D/Paper2D/Content/PlaceholderTextures/DummySpriteTexture.uasset" 295
"../../Plugins/2D/Paper2D/Content/DummySprite.uasset" 296
"../../Plugins/2D/Paper2D/Content/DefaultPaperTerrainMaterial.uasset" 297
"../../Plugins/2D/Paper2D/Content/DefaultSpriteMaterial.uasset" 298
"../../Plugins/2D/Paper2D/Content/MaskedUnlitSpriteMaterial.uasset" 299
"../../Plugins/2D/Paper2D/Content/OpaqueUnlitSpriteMaterial.uasset" 300
"../../../Engine/Content/ArtTools/RenderToTexture/Materials/Debug/M_Emissive_Color.uasset" 301
"../../../Engine/Content/BasicShapes/Cylinder.uasset" 302
"../../Plugins/Lumin/MagicLeapPassableWorld/Content/MagicLeapARPinInfoActor.uasset" 303
"../../../Engine/Content/Functions/Engine_MaterialFunctions02/Utility/BreakOutFloat3Components.uasset" 304
"../../Plugins/Editor/SpeedTreeImporter/Content/SpeedTree9/UnpackInteger3.uasset" 305
"../../Plugins/Editor/SpeedTreeImporter/Content/SpeedTree9/UnpackDirection.uasset" 306
"../../Plugins/Editor/SpeedTreeImporter/Content/SpeedTree9/game_wind_noise.uasset" 307
"../../../Engine/Content/Functions/Engine_MaterialFunctions02/SafeNormalize.uasset" 308
"../../Plugins/Editor/SpeedTreeImporter/Content/SpeedTree9/SpeedTreeWindMotion.uasset" 309
"../../Plugins/Editor/SpeedTreeImporter/Content/SpeedTree9/SpeedTreeBranchMotion.uasset" 310
"../../../Engine/Content/Functions/Engine_MaterialFunctions02/ObjectLocalBounds.uasset" 311
"../../../Engine/Content/Functions/Engine_MaterialFunctions02/UVs/BoundingBoxBased_0-1_UVW.uasset" 312
"../../Plugins/Editor/SpeedTreeImporter/Content/SpeedTree9/SpeedTreeWind.uasset" 313
"../../Plugins/Editor/SpeedTreeImporter/Content/SpeedTree9/SpeedTreeBillboard.uasset" 314
"../../../Engine/Content/EngineResources/DefaultTexture.uasset" 315
"../../Plugins/Editor/SpeedTreeImporter/Content/SpeedTree9/SpeedTreeBillboardMaster.uasset" 316
"../../Plugins/Editor/SpeedTreeImporter/Content/SpeedTree9/SpeedTreeCameraFacing.uasset" 317
"../../Plugins/Editor/SpeedTreeImporter/Content/SpeedTree9/SpeedTreeMaster.uasset" 318
"../../../Engine/Content/Functions/Engine_MaterialFunctions02/Utility/BreakOutFloat4Components.uasset" 319
"../../../Engine/Content/Functions/Engine_MaterialFunctions02/Utility/MakeFloat3.uasset" 320
"../../Plugins/Runtime/Oculus/OculusVR/Content/Materials/OculusMR_ChromaKey.uasset" 321
"../../Plugins/Runtime/Oculus/OculusVR/Content/Materials/OculusMR_OpaqueColoredMaterial.uasset" 322
"../../Plugins/Runtime/Oculus/OculusVR/Content/Materials/PokeAHoleMaterial.uasset" 323
"../../../Engine/Content/MapTemplates/SM_Template_Map_Floor.uasset" 324
"../../../Engine/Content/EngineSky/T_Sky_Stars.uasset" 325
"../../../Engine/Content/EngineSky/T_Sky_Clouds_M.uasset" 326
"../../../Engine/Content/EngineSky/T_Sky_Blue.uasset" 327
"../../../Engine/Content/BasicShapes/Cube.uasset" 328
"../../../Engine/Content/EngineSky/M_Sky_Panning_Clouds2.uasset" 329
"../../../Engine/Content/EngineSky/SM_SkySphere.uasset" 330
"../../../Engine/Content/EngineSky/C_Sky_Zenith_Color.uasset" 331
"../../../Engine/Content/EngineSky/C_Sky_Horizon_Color.uasset" 332
"../../../Engine/Content/EngineSky/C_Sky_Cloud_Color.uasset" 333
"../../../Engine/Content/EngineSky/BP_Sky_Sphere.uasset" 334
"../../../../../../Users/James Hosking/Documents/Unreal Projects/3dLevelGame/Content/Geometry/Meshes/Linear_Stair_StaticMesh.uasset" 335
"../../../../../../Users/James Hosking/Documents/Unreal Projects/3dLevelGame/Content/Geometry/Meshes/1M_Cube_Chamfer.uasset" 336
"../../../../../../Users/James Hosking/Documents/Unreal Projects/3dLevelGame/Content/Geometry/Meshes/Ramp_StaticMesh.uasset" 337
"../../../../../../Users/James Hosking/Documents/Unreal Projects/3dLevelGame/Content/Geometry/Meshes/RightArm_StaticMesh.uasset" 338
"../../../../../../Users/James Hosking/Documents/Unreal Projects/3dLevelGame/Content/Geometry/Meshes/TemplateFloor.uasset" 339
"../../../../../../Users/James Hosking/Documents/Unreal Projects/3dLevelGame/Content/Geometry/Meshes/Bump_StaticMesh.uasset" 340
"../../../../../../Users/James Hosking/Documents/Unreal Projects/3dLevelGame/Content/Geometry/Meshes/1M_Cube.uasset" 341
"../../../../../../Users/James Hosking/Documents/Unreal Projects/3dLevelGame/Content/Geometry/Meshes/LeftArm_StaticMesh.uasset" 342
"../../../../../../Users/James Hosking/Documents/Unreal Projects/3dLevelGame/Content/resources/maps/junkLevel.umap" 343
"../../../../../../Users/James Hosking/Documents/Unreal Projects/3dLevelGame/Content/resources/ui/loading_screen.uasset" 344
"../../../../../../Users/James Hosking/Documents/Unreal Projects/3dLevelGame/Content/resources/ui/loadingScreen.uasset" 345
"../../../../../../Users/James Hosking/Documents/Unreal Projects/3dLevelGame/Content/resources/maps/loadingLevel_BuiltData.uasset" 346
"../../../../../../Users/James Hosking/Documents/Unreal Projects/3dLevelGame/Content/resources/maps/loadingLevel.umap" 347
"../../../../../../Users/James Hosking/Documents/Unreal Projects/3dLevelGame/Content/resources/SFX/music/Hyper_Potions___SAMME_-_Puppy_Raceway.uasset" 348
"../../../../../../Users/James Hosking/Documents/Unreal Projects/3dLevelGame/Content/resources/SFX/music/Hyper_Potions___SAMME_-_Puppy_Raceway_Cue.uasset" 349
"../../../../../../Users/James Hosking/Documents/Unreal Projects/3dLevelGame/Content/resources/maps/mainMenuLevel.umap" 350
"../../../../../../Users/James Hosking/Documents/Unreal Projects/3dLevelGame/Content/resources/maps/persistentLevel_BuiltData.uasset" 351
"../../../../../../Users/James Hosking/Documents/Unreal Projects/3dLevelGame/Content/resources/maps/persistentLevel.umap" 352
"../../../../../../Users/James Hosking/Documents/Unreal Projects/3dLevelGame/Content/resources/SFX/MW3_S_A_S_Defeat_Theme__Mission_Failed_.uasset" 353
"../../../../../../Users/James Hosking/Documents/Unreal Projects/3dLevelGame/Content/resources/SFX/MW3_S_A_S_Defeat_Theme__Mission_Failed__Cue.uasset" 354
"../../../../../../Users/James Hosking/Documents/Unreal Projects/3dLevelGame/Content/resources/SFX/gameEndSoundVar3.uasset" 355
"../../../../../../Users/James Hosking/Documents/Unreal Projects/3dLevelGame/Content/resources/SFX/gameEndSoundVar2.uasset" 356
"../../../../../../Users/James Hosking/Documents/Unreal Projects/3dLevelGame/Content/resources/SFX/gameEndSoundVar1.uasset" 357
"../../../../../../Users/James Hosking/Documents/Unreal Projects/3dLevelGame/Content/resources/SFX/endGameCheer.uasset" 358
"../../../../../../Users/James Hosking/Documents/Unreal Projects/3dLevelGame/Content/resources/maps/ThirdPersonExampleMap_BuiltData.uasset" 359
"../../../../../../Users/James Hosking/Documents/Unreal Projects/3dLevelGame/Content/resources/ui/roundTimer.uasset" 360
"../../../Engine/Content/Functions/Engine_MaterialFunctions01/Texturing/FlattenNormal.uasset" 361
"../../../Engine/Content/EngineMaterials/FlatNormal.uasset" 362
"../../Plugins/Enterprise/DatasmithContent/Content/Materials/CE_BaseMaster.uasset" 363
"../../Plugins/Enterprise/DatasmithContent/Content/Materials/CE_OpaqueMaster.uasset" 364
"../../../../../../Users/James Hosking/Documents/Unreal Projects/3dLevelGame/Content/resources/test/moveCube.uasset" 365
"../../../../../../Users/James Hosking/Documents/Unreal Projects/3dLevelGame/Content/resources/level/shoes/aj1_back_box_2_Roughness.uasset" 366
"../../../../../../Users/James Hosking/Documents/Unreal Projects/3dLevelGame/Content/resources/level/shoes/aj1_back_box_2_Normal.uasset" 367
"../../../../../../Users/James Hosking/Documents/Unreal Projects/3dLevelGame/Content/resources/level/shoes/aj1_back_box_2_BaseColor.uasset" 368
"../../../../../../Users/James Hosking/Documents/Unreal Projects/3dLevelGame/Content/resources/level/shoes/rsMaterial1SG_001.uasset" 369
"../../../../../../Users/James Hosking/Documents/Unreal Projects/3dLevelGame/Content/resources/level/shoes/aj1_main_upper_3_Roughness.uasset" 370
"../../../../../../Users/James Hosking/Documents/Unreal Projects/3dLevelGame/Content/resources/level/shoes/aj1_main_upper_3_Normal.uasset" 371
"../../../../../../Users/James Hosking/Documents/Unreal Projects/3dLevelGame/Content/resources/level/shoes/aj1_main_upper_3_BaseColor.uasset" 372
"../../../../../../Users/James Hosking/Documents/Unreal Projects/3dLevelGame/Content/resources/level/shoes/rsMaterial1SG9_001.uasset" 373
"../../../../../../Users/James Hosking/Documents/Unreal Projects/3dLevelGame/Content/resources/level/shoes/aj1_inside_Roughness.uasset" 374
"../../../../../../Users/James Hosking/Documents/Unreal Projects/3dLevelGame/Content/resources/level/shoes/aj1_inside_Normal.uasset" 375
"../../../../../../Users/James Hosking/Documents/Unreal Projects/3dLevelGame/Content/resources/level/shoes/aj1_inside_BaseColor.uasset" 376
"../../../../../../Users/James Hosking/Documents/Unreal Projects/3dLevelGame/Content/resources/level/shoes/rsMaterial1SG8_001.uasset" 377
"../../../../../../Users/James Hosking/Documents/Unreal Projects/3dLevelGame/Content/resources/level/shoes/aj1_LACES_Roughness.uasset" 378
"../../../../../../Users/James Hosking/Documents/Unreal Projects/3dLevelGame/Content/resources/level/shoes/aj1_LACES_Normal.uasset" 379
"../../../../../../Users/James Hosking/Documents/Unreal Projects/3dLevelGame/Content/resources/level/shoes/aj1_LACES_BaseColor.uasset" 380
"../../../../../../Users/James Hosking/Documents/Unreal Projects/3dLevelGame/Content/resources/level/shoes/rsMaterial1SG7_001.uasset" 381
"../../../../../../Users/James Hosking/Documents/Unreal Projects/3dLevelGame/Content/resources/level/shoes/aj1_laceholder_top_2_Roughness.uasset" 382
"../../../../../../Users/James Hosking/Documents/Unreal Projects/3dLevelGame/Content/resources/level/shoes/aj1_laceholder_top_2_Normal.uasset" 383
"../../../../../../Users/James Hosking/Documents/Unreal Projects/3dLevelGame/Content/resources/level/shoes/aj1_laceholder_top_2_BaseColor.uasset" 384
"../../../../../../Users/James Hosking/Documents/Unreal Projects/3dLevelGame/Content/resources/level/shoes/rsMaterial1SG6_001.uasset" 385
"../../../../../../Users/James Hosking/Documents/Unreal Projects/3dLevelGame/Content/resources/level/shoes/aj1_Lace_holders_Roughness.uasset" 386
"../../../../../../Users/James Hosking/Documents/Unreal Projects/3dLevelGame/Content/resources/level/shoes/aj1_Lace_holders_Normal.uasset" 387
"../../../../../../Users/James Hosking/Documents/Unreal Projects/3dLevelGame/Content/resources/level/shoes/aj1_Lace_holders_BaseColor.uasset" 388
"../../../../../../Users/James Hosking/Documents/Unreal Projects/3dLevelGame/Content/resources/level/shoes/rsMaterial1SG5_001.uasset" 389
"../../../../../../Users/James Hosking/Documents/Unreal Projects/3dLevelGame/Content/resources/level/shoes/aj1_lining_2_Roughness.uasset" 390
"../../../../../../Users/James Hosking/Documents/Unreal Projects/3dLevelGame/Content/resources/level/shoes/aj1_lining_2_Normal.uasset" 391
"../../../../../../Users/James Hosking/Documents/Unreal Projects/3dLevelGame/Content/resources/level/shoes/aj1_lining_2_BaseColor.uasset" 392
"../../../../../../Users/James Hosking/Documents/Unreal Projects/3dLevelGame/Content/resources/level/shoes/rsMaterial1SG4_001.uasset" 393
"../../../../../../Users/James Hosking/Documents/Unreal Projects/3dLevelGame/Content/resources/level/shoes/aj1_heel_Roughness.uasset" 394
"../../../../../../Users/James Hosking/Documents/Unreal Projects/3dLevelGame/Content/resources/level/shoes/aj1_heel_Normal.uasset" 395
"../../../../../../Users/James Hosking/Documents/Unreal Projects/3dLevelGame/Content/resources/level/shoes/aj1_heel_BaseColor.uasset" 396
"../../../../../../Users/James Hosking/Documents/Unreal Projects/3dLevelGame/Content/resources/level/shoes/rsMaterial1SG3_001.uasset" 397
"../../../../../../Users/James Hosking/Documents/Unreal Projects/3dLevelGame/Content/resources/level/shoes/aj1_front_Roughness.uasset" 398
"../../../../../../Users/James Hosking/Documents/Unreal Projects/3dLevelGame/Content/resources/level/shoes/aj1_front_Normal.uasset" 399
"../../../../../../Users/James Hosking/Documents/Unreal Projects/3dLevelGame/Content/resources/level/shoes/aj1_front_BaseColor.uasset" 400
"../../../../../../Users/James Hosking/Documents/Unreal Projects/3dLevelGame/Content/resources/level/shoes/rsMaterial1SG2_001.uasset" 401
"../../../../../../Users/James Hosking/Documents/Unreal Projects/3dLevelGame/Content/resources/level/shoes/among_us_uv_highpoly_body_Roughness.uasset" 402
"../../../../../../Users/James Hosking/Documents/Unreal Projects/3dLevelGame/Content/resources/level/shoes/among_us_uv_highpoly_body_Normal.uasset" 403
"../../../../../../Users/James Hosking/Documents/Unreal Projects/3dLevelGame/Content/resources/level/shoes/among_us_uv_highpoly_body_BaseColor.uasset" 404
"../../../../../../Users/James Hosking/Documents/Unreal Projects/3dLevelGame/Content/resources/level/shoes/rsMaterial1SG20_001.uasset" 405
"../../../../../../Users/James Hosking/Documents/Unreal Projects/3dLevelGame/Content/resources/level/shoes/aj1_bone_Roughness.uasset" 406
"../../../../../../Users/James Hosking/Documents/Unreal Projects/3dLevelGame/Content/resources/level/shoes/aj1_bone_Normal.uasset" 407
"../../../../../../Users/James Hosking/Documents/Unreal Projects/3dLevelGame/Content/resources/level/shoes/aj1_bone_BaseColor.uasset" 408
"../../../../../../Users/James Hosking/Documents/Unreal Projects/3dLevelGame/Content/resources/level/shoes/rsMaterial1SG1_001_ncl1_1.uasset" 409
"../../../../../../Users/James Hosking/Documents/Unreal Projects/3dLevelGame/Content/resources/level/shoes/aj1_tongue_2_Roughness.uasset" 410
"../../../../../../Users/James Hosking/Documents/Unreal Projects/3dLevelGame/Content/resources/level/shoes/aj1_tongue_2_Normal.uasset" 411
"../../../../../../Users/James Hosking/Documents/Unreal Projects/3dLevelGame/Content/resources/level/shoes/aj1_tongue_2_BaseColor.uasset" 412
"../../../../../../Users/James Hosking/Documents/Unreal Projects/3dLevelGame/Content/resources/level/shoes/rsMaterial1SG19_001.uasset" 413
"../../../../../../Users/James Hosking/Documents/Unreal Projects/3dLevelGame/Content/resources/level/shoes/aj1_toebox_Roughness.uasset" 414
"../../../../../../Users/James Hosking/Documents/Unreal Projects/3dLevelGame/Content/resources/level/shoes/aj1_toebox_Normal.uasset" 415
"../../../../../../Users/James Hosking/Documents/Unreal Projects/3dLevelGame/Content/resources/level/shoes/aj1_toebox_BaseColor.uasset" 416
"../../../../../../Users/James Hosking/Documents/Unreal Projects/3dLevelGame/Content/resources/level/shoes/rsMaterial1SG17_001.uasset" 417
"../../../../../../Users/James Hosking/Documents/Unreal Projects/3dLevelGame/Content/resources/level/shoes/aj1_TAG_2_Roughness.uasset" 418
"../../../../../../Users/James Hosking/Documents/Unreal Projects/3dLevelGame/Content/resources/level/shoes/aj1_TAG_2_Normal.uasset" 419
"../../../../../../Users/James Hosking/Documents/Unreal Projects/3dLevelGame/Content/resources/level/shoes/aj1_TAG_2_BaseColor.uasset" 420
"../../../../../../Users/James Hosking/Documents/Unreal Projects/3dLevelGame/Content/resources/level/shoes/rsMaterial1SG14_001.uasset" 421
"../../../../../../Users/James Hosking/Documents/Unreal Projects/3dLevelGame/Content/resources/level/shoes/aj1_swoosh_Roughness.uasset" 422
"../../../../../../Users/James Hosking/Documents/Unreal Projects/3dLevelGame/Content/resources/level/shoes/aj1_swoosh_Normal.uasset" 423
"../../../../../../Users/James Hosking/Documents/Unreal Projects/3dLevelGame/Content/resources/level/shoes/aj1_swoosh_BaseColor.uasset" 424
"../../../../../../Users/James Hosking/Documents/Unreal Projects/3dLevelGame/Content/resources/level/shoes/rsMaterial1SG13_001.uasset" 425
"../../../../../../Users/James Hosking/Documents/Unreal Projects/3dLevelGame/Content/resources/level/shoes/aj1_sole_Roughness.uasset" 426
"../../../../../../Users/James Hosking/Documents/Unreal Projects/3dLevelGame/Content/resources/level/shoes/aj1_sole_Normal.uasset" 427
"../../../../../../Users/James Hosking/Documents/Unreal Projects/3dLevelGame/Content/resources/level/shoes/aj1_sole_BaseColor.uasset" 428
"../../../../../../Users/James Hosking/Documents/Unreal Projects/3dLevelGame/Content/resources/level/shoes/rsMaterial1SG11_001.uasset" 429
"../../../../../../Users/James Hosking/Documents/Unreal Projects/3dLevelGame/Content/resources/level/shoes/aj1_outsole_Roughness.uasset" 430
"../../../../../../Users/James Hosking/Documents/Unreal Projects/3dLevelGame/Content/resources/level/shoes/aj1_outsole_Normal.uasset" 431
"../../../../../../Users/James Hosking/Documents/Unreal Projects/3dLevelGame/Content/resources/level/shoes/aj1_outsole_BaseColor.uasset" 432
"../../../../../../Users/James Hosking/Documents/Unreal Projects/3dLevelGame/Content/resources/level/shoes/rsMaterial1SG10_001.uasset" 433
"../../../../../../Users/James Hosking/Documents/Unreal Projects/3dLevelGame/Content/resources/level/shoes/aj1_stitches_2_Roughness.uasset" 434
"../../../../../../Users/James Hosking/Documents/Unreal Projects/3dLevelGame/Content/resources/level/shoes/aj1_stitches_2_Normal.uasset" 435
"../../../../../../Users/James Hosking/Documents/Unreal Projects/3dLevelGame/Content/resources/level/shoes/aj1_stitches_2_BaseColor.uasset" 436
"../../../../../../Users/James Hosking/Documents/Unreal Projects/3dLevelGame/Content/resources/level/shoes/CubeFBXASC046003SG_001.uasset" 437
"../../../../../../Users/James Hosking/Documents/Unreal Projects/3dLevelGame/Content/resources/level/shoes/rightShoeSM.uasset" 438
"../../../../../../Users/James Hosking/Documents/Unreal Projects/3dLevelGame/Content/resources/level/shoes/rightShoe.uasset" 439
"../../../../../../Users/James Hosking/Documents/Unreal Projects/3dLevelGame/Content/resources/SFX/Among_Drip_Too_Hard.uasset" 440
"../../../../../../Users/James Hosking/Documents/Unreal Projects/3dLevelGame/Content/resources/SFX/Among_Drip_Too_Hard_Cue.uasset" 441
"../../../../../../Users/James Hosking/Documents/Unreal Projects/3dLevelGame/Content/resources/level/shoes/leftShoeSM.uasset" 442
"../../../../../../Users/James Hosking/Documents/Unreal Projects/3dLevelGame/Content/resources/level/shoes/leftShoe.uasset" 443
"../../../../../../Users/James Hosking/Documents/Unreal Projects/3dLevelGame/Content/resources/SFX/sfx/bump2-0WAVE.uasset" 444
"../../../../../../Users/James Hosking/Documents/Unreal Projects/3dLevelGame/Content/resources/SFX/sfx/bump1-8WAVE.uasset" 445
"../../../../../../Users/James Hosking/Documents/Unreal Projects/3dLevelGame/Content/resources/SFX/sfx/bump1-6WAVE.uasset" 446
"../../../../../../Users/James Hosking/Documents/Unreal Projects/3dLevelGame/Content/resources/SFX/sfx/bumpPitchRandom.uasset" 447
"../../../../../../Users/James Hosking/Documents/Unreal Projects/3dLevelGame/Content/resources/level/obstacles/longRotatingArmSM.uasset" 448
"../../../../../../Users/James Hosking/Documents/Unreal Projects/3dLevelGame/Content/resources/level/conveyorbelts/pink.uasset" 449
"../../../../../../Users/James Hosking/Documents/Unreal Projects/3dLevelGame/Content/resources/level/obstacles/swingHammers.uasset" 450
"../../../../../../Users/James Hosking/Documents/Unreal Projects/3dLevelGame/Content/resources/level/obstacles/shortRotatingPlatfrom.uasset" 451
"../../../../../../Users/James Hosking/Documents/Unreal Projects/3dLevelGame/Content/resources/level/obstacles/punchwall.uasset" 452
"../../../../../../Users/James Hosking/Documents/Unreal Projects/3dLevelGame/Content/resources/level/obstacles/longRotatingArm.uasset" 453
"../../../../../../Users/James Hosking/Documents/Unreal Projects/3dLevelGame/Content/resources/level/obstacles/footballGoals.uasset" 454
"../../../../../../Users/James Hosking/Documents/Unreal Projects/3dLevelGame/Content/resources/level/fixedUVS/ringWithUVS_walls.uasset" 455
"../../../../../../Users/James Hosking/Documents/Unreal Projects/3dLevelGame/Content/resources/level/fixedUVS/ringWithUVS_outer_ring.uasset" 456
"../../../../../../Users/James Hosking/Documents/Unreal Projects/3dLevelGame/Content/resources/level/conveyorbelts/slimeWithCollision3SMC.uasset" 457
"../../../../../../Users/James Hosking/Documents/Unreal Projects/3dLevelGame/Content/resources/level/conveyorbelts/slimeWithCollision3New2.uasset" 458
"../../../../../../Users/James Hosking/Documents/Unreal Projects/3dLevelGame/Content/resources/level/conveyorbelts/slime.uasset" 459
"../../../../../../Users/James Hosking/Documents/Unreal Projects/3dLevelGame/Content/resources/level/arena4/levelGEO4Export_r2dupe.uasset" 460
"../../../../../../Users/James Hosking/Documents/Unreal Projects/3dLevelGame/Content/resources/level/arena4/levelGEO4Export_r1dupe.uasset" 461
"../../../../../../Users/James Hosking/Documents/Unreal Projects/3dLevelGame/Content/resources/level/arena4/levelGEO4Export_circle_bridges.uasset" 462
"../../../../../../Users/James Hosking/Documents/Unreal Projects/3dLevelGame/Content/resources/level/arena4/levelGEO4Export_arena.uasset" 463
"../../../../../../Users/James Hosking/Documents/Unreal Projects/3dLevelGame/Content/resources/ai/aiSpawnPoint.uasset" 464
"../../../../../../Users/James Hosking/Documents/Unreal Projects/3dLevelGame/Content/resources/maps/ThirdPersonExampleMap.umap" 465
"../../../Engine/Content/Maps/Entry_BuiltData.uasset" 466
"../../../Engine/Content/Maps/Entry.umap" 467
